<?xml version="1.0" encoding="UTF-8"?>
<!-- Generated by org.testng.reporters.JUnitXMLReporter -->
<testsuite hostname="DESKTOP-OU774R5" name="Command line test" tests="17" failures="17" timestamp="21 Sep 2020 10:35:56 GMT" time="0.052" errors="0">
  <testcase name="testGetData" time="0.004" classname="com.studentform.studentform.StudentNGTest">
    <failure type="java.lang.AssertionError" message="Maps not equal: expected: null and actual: {}">
      <![CDATA[java.lang.AssertionError: Maps not equal: expected: null and actual: {}
	at com.studentform.studentform.StudentNGTest.testGetData(StudentNGTest.java:246)
... Removed 35 stack frames]]>
    </failure>
  </testcase> <!-- testGetData -->
  <testcase name="testGetFaculty" time="0.001" classname="com.studentform.studentform.StudentNGTest">
    <failure type="java.lang.AssertionError" message="expected [] but found [null]">
      <![CDATA[java.lang.AssertionError: expected [] but found [null]
	at com.studentform.studentform.StudentNGTest.testGetFaculty(StudentNGTest.java:180)
... Removed 38 stack frames]]>
    </failure>
  </testcase> <!-- testGetFaculty -->
  <testcase name="testGetFacultyOptions" time="0.0" classname="com.studentform.studentform.StudentNGTest">
    <failure type="java.lang.AssertionError" message="The test case is a prototype.">
      <![CDATA[java.lang.AssertionError: The test case is a prototype.
	at com.studentform.studentform.StudentNGTest.testGetFacultyOptions(StudentNGTest.java:47)
... Removed 34 stack frames]]>
    </failure>
  </testcase> <!-- testGetFacultyOptions -->
  <testcase name="testGetFirstname" time="0.0" classname="com.studentform.studentform.StudentNGTest">
    <failure type="java.lang.AssertionError" message="expected [] but found [null]">
      <![CDATA[java.lang.AssertionError: expected [] but found [null]
	at com.studentform.studentform.StudentNGTest.testGetFirstname(StudentNGTest.java:99)
... Removed 38 stack frames]]>
    </failure>
  </testcase> <!-- testGetFirstname -->
  <testcase name="testGetLastname" time="0.0" classname="com.studentform.studentform.StudentNGTest">
    <failure type="java.lang.AssertionError" message="expected [] but found [null]">
      <![CDATA[java.lang.AssertionError: expected [] but found [null]
	at com.studentform.studentform.StudentNGTest.testGetLastname(StudentNGTest.java:153)
... Removed 38 stack frames]]>
    </failure>
  </testcase> <!-- testGetLastname -->
  <testcase name="testGetMiddlename" time="0.0" classname="com.studentform.studentform.StudentNGTest">
    <failure type="java.lang.AssertionError" message="expected [] but found [null]">
      <![CDATA[java.lang.AssertionError: expected [] but found [null]
	at com.studentform.studentform.StudentNGTest.testGetMiddlename(StudentNGTest.java:126)
... Removed 38 stack frames]]>
    </failure>
  </testcase> <!-- testGetMiddlename -->
  <testcase name="testGetProgram" time="0.0" classname="com.studentform.studentform.StudentNGTest">
    <failure type="java.lang.AssertionError" message="expected [] but found [null]">
      <![CDATA[java.lang.AssertionError: expected [] but found [null]
	at com.studentform.studentform.StudentNGTest.testGetProgram(StudentNGTest.java:207)
... Removed 38 stack frames]]>
    </failure>
  </testcase> <!-- testGetProgram -->
  <testcase name="testGetProgramOptions" time="0.0" classname="com.studentform.studentform.StudentNGTest">
    <failure type="java.lang.AssertionError" message="The test case is a prototype.">
      <![CDATA[java.lang.AssertionError: The test case is a prototype.
	at com.studentform.studentform.StudentNGTest.testGetProgramOptions(StudentNGTest.java:74)
... Removed 34 stack frames]]>
    </failure>
  </testcase> <!-- testGetProgramOptions -->
  <testcase name="testInit" time="0.0" classname="com.studentform.studentform.StudentNGTest">
    <failure type="java.lang.AssertionError" message="The test case is a prototype.">
      <![CDATA[java.lang.AssertionError: The test case is a prototype.
	at com.studentform.studentform.StudentNGTest.testInit(StudentNGTest.java:234)
... Removed 34 stack frames]]>
    </failure>
  </testcase> <!-- testInit -->
  <testcase name="testOnFacultyChange" time="0.0" classname="com.studentform.studentform.StudentNGTest">
    <failure type="java.lang.AssertionError" message="The test case is a prototype.">
      <![CDATA[java.lang.AssertionError: The test case is a prototype.
	at com.studentform.studentform.StudentNGTest.testOnFacultyChange(StudentNGTest.java:260)
... Removed 34 stack frames]]>
    </failure>
  </testcase> <!-- testOnFacultyChange -->
  <testcase name="testSetFaculty" time="0.001" classname="com.studentform.studentform.StudentNGTest">
    <failure type="java.lang.AssertionError" message="The test case is a prototype.">
      <![CDATA[java.lang.AssertionError: The test case is a prototype.
	at com.studentform.studentform.StudentNGTest.testSetFaculty(StudentNGTest.java:195)
... Removed 34 stack frames]]>
    </failure>
  </testcase> <!-- testSetFaculty -->
  <testcase name="testSetFacultyOptions" time="0.006" classname="com.studentform.studentform.StudentNGTest">
    <failure type="java.lang.AssertionError" message="The test case is a prototype.">
      <![CDATA[java.lang.AssertionError: The test case is a prototype.
	at com.studentform.studentform.StudentNGTest.testSetFacultyOptions(StudentNGTest.java:60)
... Removed 34 stack frames]]>
    </failure>
  </testcase> <!-- testSetFacultyOptions -->
  <testcase name="testSetFirstname" time="0.001" classname="com.studentform.studentform.StudentNGTest">
    <failure type="java.lang.AssertionError" message="The test case is a prototype.">
      <![CDATA[java.lang.AssertionError: The test case is a prototype.
	at com.studentform.studentform.StudentNGTest.testSetFirstname(StudentNGTest.java:114)
... Removed 34 stack frames]]>
    </failure>
  </testcase> <!-- testSetFirstname -->
  <testcase name="testSetLastname" time="0.0" classname="com.studentform.studentform.StudentNGTest">
    <failure type="java.lang.AssertionError" message="The test case is a prototype.">
      <![CDATA[java.lang.AssertionError: The test case is a prototype.
	at com.studentform.studentform.StudentNGTest.testSetLastname(StudentNGTest.java:168)
... Removed 34 stack frames]]>
    </failure>
  </testcase> <!-- testSetLastname -->
  <testcase name="testSetMiddlename" time="0.0" classname="com.studentform.studentform.StudentNGTest">
    <failure type="java.lang.AssertionError" message="The test case is a prototype.">
      <![CDATA[java.lang.AssertionError: The test case is a prototype.
	at com.studentform.studentform.StudentNGTest.testSetMiddlename(StudentNGTest.java:141)
... Removed 34 stack frames]]>
    </failure>
  </testcase> <!-- testSetMiddlename -->
  <testcase name="testSetProgram" time="0.0" classname="com.studentform.studentform.StudentNGTest">
    <failure type="java.lang.AssertionError" message="The test case is a prototype.">
      <![CDATA[java.lang.AssertionError: The test case is a prototype.
	at com.studentform.studentform.StudentNGTest.testSetProgram(StudentNGTest.java:222)
... Removed 34 stack frames]]>
    </failure>
  </testcase> <!-- testSetProgram -->
  <testcase name="testSetProgramOptions" time="0.0" classname="com.studentform.studentform.StudentNGTest">
    <failure type="java.lang.AssertionError" message="The test case is a prototype.">
      <![CDATA[java.lang.AssertionError: The test case is a prototype.
	at com.studentform.studentform.StudentNGTest.testSetProgramOptions(StudentNGTest.java:87)
... Removed 34 stack frames]]>
    </failure>
  </testcase> <!-- testSetProgramOptions -->
</testsuite> <!-- Command line test -->
