<?xml version="1.0" encoding="UTF-8" ?>
<testsuite tests="17" failures="17" name="com.studentform.studentform.StudentNGTest" time="0.03" errors="0" skipped="0">
  <properties>
[...]
</properties>
  <testcase classname="com.studentform.studentform.StudentNGTest" name="testGetData" time="0.013">
    <failure message="Maps not equal: expected: null and actual: {}" type="java.lang.AssertionError">java.lang.AssertionError: Maps not equal: expected: null and actual: {}
	at org.testng.Assert.fail(Assert.java:94)
	at org.testng.Assert.assertEquals(Assert.java:822)
	at com.studentform.studentform.StudentNGTest.testGetData(StudentNGTest.java:246)
</failure>
    <system-out>Configuring TestNG with: org.apache.maven.surefire.testng.conf.TestNG652Configurator@45fe3ee3
getData
</system-out>
  </testcase>
  <testcase classname="com.studentform.studentform.StudentNGTest" name="testGetFaculty" time="0">
    <failure message="expected [] but found [null]" type="java.lang.AssertionError">java.lang.AssertionError: expected [] but found [null]
	at org.testng.Assert.fail(Assert.java:94)
	at org.testng.Assert.failNotEquals(Assert.java:494)
	at org.testng.Assert.assertEquals(Assert.java:123)
	at org.testng.Assert.assertEquals(Assert.java:176)
	at org.testng.Assert.assertEquals(Assert.java:186)
	at com.studentform.studentform.StudentNGTest.testGetFaculty(StudentNGTest.java:180)
</failure>
    <system-out>getFaculty
</system-out>
  </testcase>
  <testcase classname="com.studentform.studentform.StudentNGTest" name="testGetFacultyOptions" time="0">
    <failure message="The test case is a prototype." type="java.lang.AssertionError">java.lang.AssertionError: The test case is a prototype.
	at org.testng.Assert.fail(Assert.java:94)
	at com.studentform.studentform.StudentNGTest.testGetFacultyOptions(StudentNGTest.java:47)
</failure>
    <system-out>getFacultyOptions
</system-out>
  </testcase>
  <testcase classname="com.studentform.studentform.StudentNGTest" name="testGetFirstname" time="0">
    <failure message="expected [] but found [null]" type="java.lang.AssertionError">java.lang.AssertionError: expected [] but found [null]
	at org.testng.Assert.fail(Assert.java:94)
	at org.testng.Assert.failNotEquals(Assert.java:494)
	at org.testng.Assert.assertEquals(Assert.java:123)
	at org.testng.Assert.assertEquals(Assert.java:176)
	at org.testng.Assert.assertEquals(Assert.java:186)
	at com.studentform.studentform.StudentNGTest.testGetFirstname(StudentNGTest.java:99)
</failure>
    <system-out>getFirstname
</system-out>
  </testcase>
  <testcase classname="com.studentform.studentform.StudentNGTest" name="testGetLastname" time="0.001">
    <failure message="expected [] but found [null]" type="java.lang.AssertionError">java.lang.AssertionError: expected [] but found [null]
	at org.testng.Assert.fail(Assert.java:94)
	at org.testng.Assert.failNotEquals(Assert.java:494)
	at org.testng.Assert.assertEquals(Assert.java:123)
	at org.testng.Assert.assertEquals(Assert.java:176)
	at org.testng.Assert.assertEquals(Assert.java:186)
	at com.studentform.studentform.StudentNGTest.testGetLastname(StudentNGTest.java:153)
</failure>
    <system-out>getLastname
</system-out>
  </testcase>
  <testcase classname="com.studentform.studentform.StudentNGTest" name="testGetMiddlename" time="0.001">
    <failure message="expected [] but found [null]" type="java.lang.AssertionError">java.lang.AssertionError: expected [] but found [null]
	at org.testng.Assert.fail(Assert.java:94)
	at org.testng.Assert.failNotEquals(Assert.java:494)
	at org.testng.Assert.assertEquals(Assert.java:123)
	at org.testng.Assert.assertEquals(Assert.java:176)
	at org.testng.Assert.assertEquals(Assert.java:186)
	at com.studentform.studentform.StudentNGTest.testGetMiddlename(StudentNGTest.java:126)
</failure>
    <system-out>getMiddlename
</system-out>
  </testcase>
  <testcase classname="com.studentform.studentform.StudentNGTest" name="testGetProgram" time="0.001">
    <failure message="expected [] but found [null]" type="java.lang.AssertionError">java.lang.AssertionError: expected [] but found [null]
	at org.testng.Assert.fail(Assert.java:94)
	at org.testng.Assert.failNotEquals(Assert.java:494)
	at org.testng.Assert.assertEquals(Assert.java:123)
	at org.testng.Assert.assertEquals(Assert.java:176)
	at org.testng.Assert.assertEquals(Assert.java:186)
	at com.studentform.studentform.StudentNGTest.testGetProgram(StudentNGTest.java:207)
</failure>
    <system-out>getProgram
</system-out>
  </testcase>
  <testcase classname="com.studentform.studentform.StudentNGTest" name="testGetProgramOptions" time="0">
    <failure message="The test case is a prototype." type="java.lang.AssertionError">java.lang.AssertionError: The test case is a prototype.
	at org.testng.Assert.fail(Assert.java:94)
	at com.studentform.studentform.StudentNGTest.testGetProgramOptions(StudentNGTest.java:74)
</failure>
    <system-out>getProgramOptions
</system-out>
  </testcase>
  <testcase classname="com.studentform.studentform.StudentNGTest" name="testInit" time="0.001">
    <failure message="The test case is a prototype." type="java.lang.AssertionError">java.lang.AssertionError: The test case is a prototype.
	at org.testng.Assert.fail(Assert.java:94)
	at com.studentform.studentform.StudentNGTest.testInit(StudentNGTest.java:234)
</failure>
    <system-out>init
</system-out>
  </testcase>
  <testcase classname="com.studentform.studentform.StudentNGTest" name="testOnFacultyChange" time="0.003">
    <failure message="The test case is a prototype." type="java.lang.AssertionError">java.lang.AssertionError: The test case is a prototype.
	at org.testng.Assert.fail(Assert.java:94)
	at com.studentform.studentform.StudentNGTest.testOnFacultyChange(StudentNGTest.java:260)
</failure>
    <system-out>onFacultyChange
</system-out>
  </testcase>
  <testcase classname="com.studentform.studentform.StudentNGTest" name="testSetFaculty" time="0.002">
    <failure message="The test case is a prototype." type="java.lang.AssertionError">java.lang.AssertionError: The test case is a prototype.
	at org.testng.Assert.fail(Assert.java:94)
	at com.studentform.studentform.StudentNGTest.testSetFaculty(StudentNGTest.java:195)
</failure>
    <system-out>setFaculty
</system-out>
  </testcase>
  <testcase classname="com.studentform.studentform.StudentNGTest" name="testSetFacultyOptions" time="0.004">
    <failure message="The test case is a prototype." type="java.lang.AssertionError">java.lang.AssertionError: The test case is a prototype.
	at org.testng.Assert.fail(Assert.java:94)
	at com.studentform.studentform.StudentNGTest.testSetFacultyOptions(StudentNGTest.java:60)
</failure>
    <system-out>setFacultyOptions
</system-out>
  </testcase>
  <testcase classname="com.studentform.studentform.StudentNGTest" name="testSetFirstname" time="0.001">
    <failure message="The test case is a prototype." type="java.lang.AssertionError">java.lang.AssertionError: The test case is a prototype.
	at org.testng.Assert.fail(Assert.java:94)
	at com.studentform.studentform.StudentNGTest.testSetFirstname(StudentNGTest.java:114)
</failure>
    <system-out>setFirstname
</system-out>
  </testcase>
  <testcase classname="com.studentform.studentform.StudentNGTest" name="testSetLastname" time="0.001">
    <failure message="The test case is a prototype." type="java.lang.AssertionError">java.lang.AssertionError: The test case is a prototype.
	at org.testng.Assert.fail(Assert.java:94)
	at com.studentform.studentform.StudentNGTest.testSetLastname(StudentNGTest.java:168)
</failure>
    <system-out>setLastname
</system-out>
  </testcase>
  <testcase classname="com.studentform.studentform.StudentNGTest" name="testSetMiddlename" time="0.001">
    <failure message="The test case is a prototype." type="java.lang.AssertionError">java.lang.AssertionError: The test case is a prototype.
	at org.testng.Assert.fail(Assert.java:94)
	at com.studentform.studentform.StudentNGTest.testSetMiddlename(StudentNGTest.java:141)
</failure>
    <system-out>setMiddlename
</system-out>
  </testcase>
  <testcase classname="com.studentform.studentform.StudentNGTest" name="testSetProgram" time="0.001">
    <failure message="The test case is a prototype." type="java.lang.AssertionError">java.lang.AssertionError: The test case is a prototype.
	at org.testng.Assert.fail(Assert.java:94)
	at com.studentform.studentform.StudentNGTest.testSetProgram(StudentNGTest.java:222)
</failure>
    <system-out>setProgram
</system-out>
  </testcase>
  <testcase classname="com.studentform.studentform.StudentNGTest" name="testSetProgramOptions" time="0">
    <failure message="The test case is a prototype." type="java.lang.AssertionError">java.lang.AssertionError: The test case is a prototype.
	at org.testng.Assert.fail(Assert.java:94)
	at com.studentform.studentform.StudentNGTest.testSetProgramOptions(StudentNGTest.java:87)
</failure>
    <system-out>setProgramOptions
</system-out>
  </testcase>
</testsuite>